2025-10-21T08:41:49.870+01:00  INFO 13500 --- [legendary] [main] c.l.legendary.LegendaryApplication       : Starting LegendaryApplication using Java 17.0.12 with PID 13500 (C:\ALL_CODES\legendaryUserSpring\target\classes started by Owner in C:\ALL_CODES\legendaryUserSpring)
2025-10-21T08:41:49.887+01:00  INFO 13500 --- [legendary] [main] c.l.legendary.LegendaryApplication       : No active profile set, falling back to 1 default profile: "default"
2025-10-21T08:41:51.064+01:00  INFO 13500 --- [legendary] [main] .s.d.r.c.RepositoryConfigurationDelegate : Bootstrapping Spring Data JPA repositories in DEFAULT mode.
2025-10-21T08:41:51.100+01:00  INFO 13500 --- [legendary] [main] .s.d.r.c.RepositoryConfigurationDelegate : Finished Spring Data repository scanning in 19 ms. Found 0 JPA repository interfaces.
2025-10-21T08:41:51.877+01:00  INFO 13500 --- [legendary] [main] o.s.b.w.embedded.tomcat.TomcatWebServer  : Tomcat initialized with port 8080 (http)
2025-10-21T08:41:51.895+01:00  INFO 13500 --- [legendary] [main] o.apache.catalina.core.StandardService   : Starting service [Tomcat]
2025-10-21T08:41:51.896+01:00  INFO 13500 --- [legendary] [main] o.apache.catalina.core.StandardEngine    : Starting Servlet engine: [Apache Tomcat/10.1.46]
2025-10-21T08:41:51.972+01:00  INFO 13500 --- [legendary] [main] o.a.c.c.C.[Tomcat].[localhost].[/api]    : Initializing Spring embedded WebApplicationContext
2025-10-21T08:41:51.973+01:00  INFO 13500 --- [legendary] [main] w.s.c.ServletWebServerApplicationContext : Root WebApplicationContext: initialization completed in 1943 ms
2025-10-21T08:41:52.184+01:00  INFO 13500 --- [legendary] [main] com.zaxxer.hikari.HikariDataSource       : HikariPool-1 - Starting...
2025-10-21T08:41:52.455+01:00  INFO 13500 --- [legendary] [main] com.zaxxer.hikari.pool.HikariPool        : HikariPool-1 - Added connection com.mysql.cj.jdbc.ConnectionImpl@59303963
2025-10-21T08:41:52.457+01:00  INFO 13500 --- [legendary] [main] com.zaxxer.hikari.HikariDataSource       : HikariPool-1 - Start completed.
2025-10-21T08:41:52.522+01:00  INFO 13500 --- [legendary] [main] o.hibernate.jpa.internal.util.LogHelper  : HHH000204: Processing PersistenceUnitInfo [name: default]
2025-10-21T08:41:52.631+01:00  INFO 13500 --- [legendary] [main] org.hibernate.Version                    : HHH000412: Hibernate ORM core version 6.6.29.Final
2025-10-21T08:41:52.715+01:00  INFO 13500 --- [legendary] [main] o.h.c.internal.RegionFactoryInitiator    : HHH000026: Second-level cache disabled
2025-10-21T08:41:53.144+01:00  INFO 13500 --- [legendary] [main] o.s.o.j.p.SpringPersistenceUnitInfo      : No LoadTimeWeaver setup: ignoring JPA class transformer
2025-10-21T08:41:53.292+01:00  INFO 13500 --- [legendary] [main] org.hibernate.orm.connections.pooling    : HHH10001005: Database info:
	Database JDBC URL [Connecting through datasource 'HikariDataSource (HikariPool-1)']
	Database driver: undefined/unknown
	Database version: 9.0.1
	Autocommit mode: undefined/unknown
	Isolation level: undefined/unknown
	Minimum pool size: undefined/unknown
	Maximum pool size: undefined/unknown
2025-10-21T08:41:54.194+01:00  INFO 13500 --- [legendary] [main] o.h.m.i.EntityInstantiatorPojoStandard   : HHH000182: No default (no-argument) constructor for class: com.legendaryUser.legendary.model.VerificationToken (class must be instantiated by Interceptor)
2025-10-21T08:41:54.232+01:00  INFO 13500 --- [legendary] [main] o.h.m.i.EntityInstantiatorPojoStandard   : HHH000182: No default (no-argument) constructor for class: com.legendaryUser.legendary.model.OtpToken (class must be instantiated by Interceptor)
2025-10-21T08:41:54.246+01:00  INFO 13500 --- [legendary] [main] o.h.m.i.EntityInstantiatorPojoStandard   : HHH000182: No default (no-argument) constructor for class: com.legendaryUser.legendary.model.User (class must be instantiated by Interceptor)
2025-10-21T08:41:54.464+01:00  INFO 13500 --- [legendary] [main] o.h.e.t.j.p.i.JtaPlatformInitiator       : HHH000489: No JTA platform available (set 'hibernate.transaction.jta.platform' to enable JTA platform integration)
2025-10-21T08:41:54.467+01:00  INFO 13500 --- [legendary] [main] j.LocalContainerEntityManagerFactoryBean : Initialized JPA EntityManagerFactory for persistence unit 'default'
2025-10-21T08:41:54.520+01:00  WARN 13500 --- [legendary] [main] JpaBaseConfiguration$JpaWebConfiguration : spring.jpa.open-in-view is enabled by default. Therefore, database queries may be performed during view rendering. Explicitly configure spring.jpa.open-in-view to disable this warning
2025-10-21T08:41:55.108+01:00  WARN 13500 --- [legendary] [main] .s.s.UserDetailsServiceAutoConfiguration : 

Using generated security password: c6a45fcd-a9d2-4225-a03e-92845c31a854

This generated password is for development use only. Your security configuration must be updated before running your application in production.

2025-10-21T08:41:55.125+01:00  INFO 13500 --- [legendary] [main] r$InitializeUserDetailsManagerConfigurer : Global AuthenticationManager configured with UserDetailsService bean with name inMemoryUserDetailsManager
2025-10-21T08:41:55.270+01:00 DEBUG 13500 --- [legendary] [main] o.s.s.web.DefaultSecurityFilterChain     : Will secure any request with filters: DisableEncodeUrlFilter, WebAsyncManagerIntegrationFilter, SecurityContextHolderFilter, HeaderWriterFilter, CsrfFilter, LogoutFilter, UsernamePasswordAuthenticationFilter, DefaultResourcesFilter, DefaultLoginPageGeneratingFilter, DefaultLogoutPageGeneratingFilter, BasicAuthenticationFilter, RequestCacheAwareFilter, SecurityContextHolderAwareRequestFilter, AnonymousAuthenticationFilter, ExceptionTranslationFilter, AuthorizationFilter
2025-10-21T08:41:55.380+01:00  INFO 13500 --- [legendary] [main] o.s.b.w.embedded.tomcat.TomcatWebServer  : Tomcat started on port 8080 (http) with context path '/api'
2025-10-21T08:41:55.396+01:00  INFO 13500 --- [legendary] [main] c.l.legendary.LegendaryApplication       : Started LegendaryApplication in 6.41 seconds (process running for 6.978)
2025-10-21T08:42:20.470+01:00  INFO 13500 --- [legendary] [SpringApplicationShutdownHook] o.s.b.w.e.tomcat.GracefulShutdown        : Commencing graceful shutdown. Waiting for active requests to complete
2025-10-21T08:42:20.591+01:00  INFO 13500 --- [legendary] [tomcat-shutdown] o.s.b.w.e.tomcat.GracefulShutdown        : Graceful shutdown complete
2025-10-21T08:42:20.595+01:00  INFO 13500 --- [legendary] [SpringApplicationShutdownHook] j.LocalContainerEntityManagerFactoryBean : Closing JPA EntityManagerFactory for persistence unit 'default'
2025-10-21T08:42:20.601+01:00  INFO 13500 --- [legendary] [SpringApplicationShutdownHook] com.zaxxer.hikari.HikariDataSource       : HikariPool-1 - Shutdown initiated...
2025-10-21T08:42:20.611+01:00  INFO 13500 --- [legendary] [SpringApplicationShutdownHook] com.zaxxer.hikari.HikariDataSource       : HikariPool-1 - Shutdown completed.
2025-10-21T09:10:15.209+01:00  INFO 6004 --- [legendary] [main] c.l.legendary.LegendaryApplication       : Starting LegendaryApplication using Java 17.0.12 with PID 6004 (C:\ALL_CODES\legendaryUserSpring\target\classes started by Owner in C:\ALL_CODES\legendaryUserSpring)
2025-10-21T09:10:15.213+01:00  INFO 6004 --- [legendary] [main] c.l.legendary.LegendaryApplication       : No active profile set, falling back to 1 default profile: "default"
2025-10-21T09:10:16.277+01:00  INFO 6004 --- [legendary] [main] .s.d.r.c.RepositoryConfigurationDelegate : Bootstrapping Spring Data JPA repositories in DEFAULT mode.
2025-10-21T09:10:16.358+01:00  INFO 6004 --- [legendary] [main] .s.d.r.c.RepositoryConfigurationDelegate : Finished Spring Data repository scanning in 68 ms. Found 1 JPA repository interface.
2025-10-21T09:10:17.076+01:00  INFO 6004 --- [legendary] [main] o.s.b.w.embedded.tomcat.TomcatWebServer  : Tomcat initialized with port 8080 (http)
2025-10-21T09:10:17.091+01:00  INFO 6004 --- [legendary] [main] o.apache.catalina.core.StandardService   : Starting service [Tomcat]
2025-10-21T09:10:17.091+01:00  INFO 6004 --- [legendary] [main] o.apache.catalina.core.StandardEngine    : Starting Servlet engine: [Apache Tomcat/10.1.46]
2025-10-21T09:10:17.176+01:00  INFO 6004 --- [legendary] [main] o.a.c.c.C.[Tomcat].[localhost].[/api]    : Initializing Spring embedded WebApplicationContext
2025-10-21T09:10:17.176+01:00  INFO 6004 --- [legendary] [main] w.s.c.ServletWebServerApplicationContext : Root WebApplicationContext: initialization completed in 1889 ms
2025-10-21T09:10:17.353+01:00  INFO 6004 --- [legendary] [main] com.zaxxer.hikari.HikariDataSource       : HikariPool-1 - Starting...
2025-10-21T09:10:17.598+01:00  INFO 6004 --- [legendary] [main] com.zaxxer.hikari.pool.HikariPool        : HikariPool-1 - Added connection com.mysql.cj.jdbc.ConnectionImpl@54c425b1
2025-10-21T09:10:17.601+01:00  INFO 6004 --- [legendary] [main] com.zaxxer.hikari.HikariDataSource       : HikariPool-1 - Start completed.
2025-10-21T09:10:17.689+01:00  INFO 6004 --- [legendary] [main] o.hibernate.jpa.internal.util.LogHelper  : HHH000204: Processing PersistenceUnitInfo [name: default]
2025-10-21T09:10:17.743+01:00  INFO 6004 --- [legendary] [main] org.hibernate.Version                    : HHH000412: Hibernate ORM core version 6.6.29.Final
2025-10-21T09:10:17.786+01:00  INFO 6004 --- [legendary] [main] o.h.c.internal.RegionFactoryInitiator    : HHH000026: Second-level cache disabled
2025-10-21T09:10:18.187+01:00  INFO 6004 --- [legendary] [main] o.s.o.j.p.SpringPersistenceUnitInfo      : No LoadTimeWeaver setup: ignoring JPA class transformer
2025-10-21T09:10:18.313+01:00  INFO 6004 --- [legendary] [main] org.hibernate.orm.connections.pooling    : HHH10001005: Database info:
	Database JDBC URL [Connecting through datasource 'HikariDataSource (HikariPool-1)']
	Database driver: undefined/unknown
	Database version: 9.0.1
	Autocommit mode: undefined/unknown
	Isolation level: undefined/unknown
	Minimum pool size: undefined/unknown
	Maximum pool size: undefined/unknown
2025-10-21T09:10:19.000+01:00  INFO 6004 --- [legendary] [main] o.h.m.i.EntityInstantiatorPojoStandard   : HHH000182: No default (no-argument) constructor for class: com.legendaryUser.legendary.model.VerificationToken (class must be instantiated by Interceptor)
2025-10-21T09:10:19.030+01:00  INFO 6004 --- [legendary] [main] o.h.m.i.EntityInstantiatorPojoStandard   : HHH000182: No default (no-argument) constructor for class: com.legendaryUser.legendary.model.OtpToken (class must be instantiated by Interceptor)
2025-10-21T09:10:19.041+01:00  INFO 6004 --- [legendary] [main] o.h.m.i.EntityInstantiatorPojoStandard   : HHH000182: No default (no-argument) constructor for class: com.legendaryUser.legendary.model.User (class must be instantiated by Interceptor)
2025-10-21T09:10:19.209+01:00  INFO 6004 --- [legendary] [main] o.h.e.t.j.p.i.JtaPlatformInitiator       : HHH000489: No JTA platform available (set 'hibernate.transaction.jta.platform' to enable JTA platform integration)
2025-10-21T09:10:19.214+01:00  INFO 6004 --- [legendary] [main] j.LocalContainerEntityManagerFactoryBean : Initialized JPA EntityManagerFactory for persistence unit 'default'
2025-10-21T09:10:19.286+01:00  WARN 6004 --- [legendary] [main] JpaBaseConfiguration$JpaWebConfiguration : spring.jpa.open-in-view is enabled by default. Therefore, database queries may be performed during view rendering. Explicitly configure spring.jpa.open-in-view to disable this warning
2025-10-21T09:10:19.993+01:00  INFO 6004 --- [legendary] [main] o.s.d.j.r.query.QueryEnhancerFactory     : Hibernate is in classpath; If applicable, HQL parser will be used.
2025-10-21T09:10:20.801+01:00  WARN 6004 --- [legendary] [main] .s.s.UserDetailsServiceAutoConfiguration : 

Using generated security password: 83349ebe-809e-40e3-b100-cf22b2bb453b

This generated password is for development use only. Your security configuration must be updated before running your application in production.

2025-10-21T09:10:20.809+01:00  INFO 6004 --- [legendary] [main] r$InitializeUserDetailsManagerConfigurer : Global AuthenticationManager configured with UserDetailsService bean with name inMemoryUserDetailsManager
2025-10-21T09:10:20.915+01:00 DEBUG 6004 --- [legendary] [main] o.s.s.web.DefaultSecurityFilterChain     : Will secure any request with filters: DisableEncodeUrlFilter, WebAsyncManagerIntegrationFilter, SecurityContextHolderFilter, HeaderWriterFilter, CsrfFilter, LogoutFilter, UsernamePasswordAuthenticationFilter, DefaultResourcesFilter, DefaultLoginPageGeneratingFilter, DefaultLogoutPageGeneratingFilter, BasicAuthenticationFilter, RequestCacheAwareFilter, SecurityContextHolderAwareRequestFilter, AnonymousAuthenticationFilter, ExceptionTranslationFilter, AuthorizationFilter
2025-10-21T09:10:20.990+01:00  INFO 6004 --- [legendary] [main] o.s.b.w.embedded.tomcat.TomcatWebServer  : Tomcat started on port 8080 (http) with context path '/api'
2025-10-21T09:10:20.999+01:00  INFO 6004 --- [legendary] [main] c.l.legendary.LegendaryApplication       : Started LegendaryApplication in 6.552 seconds (process running for 7.025)
2025-10-21T09:21:05.131+01:00  INFO 6004 --- [legendary] [SpringApplicationShutdownHook] o.s.b.w.e.tomcat.GracefulShutdown        : Commencing graceful shutdown. Waiting for active requests to complete
2025-10-21T09:21:05.311+01:00  INFO 6004 --- [legendary] [tomcat-shutdown] o.s.b.w.e.tomcat.GracefulShutdown        : Graceful shutdown complete
2025-10-21T09:21:05.315+01:00  INFO 6004 --- [legendary] [SpringApplicationShutdownHook] j.LocalContainerEntityManagerFactoryBean : Closing JPA EntityManagerFactory for persistence unit 'default'
2025-10-21T09:21:05.316+01:00  INFO 6004 --- [legendary] [SpringApplicationShutdownHook] com.zaxxer.hikari.HikariDataSource       : HikariPool-1 - Shutdown initiated...
2025-10-21T09:21:05.325+01:00  INFO 6004 --- [legendary] [SpringApplicationShutdownHook] com.zaxxer.hikari.HikariDataSource       : HikariPool-1 - Shutdown completed.
2025-10-21T09:21:08.708+01:00  INFO 3868 --- [legendary] [main] c.l.legendary.LegendaryApplication       : Starting LegendaryApplication using Java 17.0.12 with PID 3868 (C:\ALL_CODES\legendaryUserSpring\target\classes started by Owner in C:\ALL_CODES\legendaryUserSpring)
2025-10-21T09:21:08.713+01:00  INFO 3868 --- [legendary] [main] c.l.legendary.LegendaryApplication       : No active profile set, falling back to 1 default profile: "default"
2025-10-21T09:21:09.806+01:00  INFO 3868 --- [legendary] [main] .s.d.r.c.RepositoryConfigurationDelegate : Bootstrapping Spring Data JPA repositories in DEFAULT mode.
2025-10-21T09:21:09.893+01:00  INFO 3868 --- [legendary] [main] .s.d.r.c.RepositoryConfigurationDelegate : Finished Spring Data repository scanning in 73 ms. Found 3 JPA repository interfaces.
2025-10-21T09:21:10.590+01:00  INFO 3868 --- [legendary] [main] o.s.b.w.embedded.tomcat.TomcatWebServer  : Tomcat initialized with port 8080 (http)
2025-10-21T09:21:10.610+01:00  INFO 3868 --- [legendary] [main] o.apache.catalina.core.StandardService   : Starting service [Tomcat]
2025-10-21T09:21:10.610+01:00  INFO 3868 --- [legendary] [main] o.apache.catalina.core.StandardEngine    : Starting Servlet engine: [Apache Tomcat/10.1.46]
2025-10-21T09:21:10.681+01:00  INFO 3868 --- [legendary] [main] o.a.c.c.C.[Tomcat].[localhost].[/api]    : Initializing Spring embedded WebApplicationContext
2025-10-21T09:21:10.682+01:00  INFO 3868 --- [legendary] [main] w.s.c.ServletWebServerApplicationContext : Root WebApplicationContext: initialization completed in 1888 ms
2025-10-21T09:21:10.882+01:00  INFO 3868 --- [legendary] [main] com.zaxxer.hikari.HikariDataSource       : HikariPool-1 - Starting...
2025-10-21T09:21:11.100+01:00  INFO 3868 --- [legendary] [main] com.zaxxer.hikari.pool.HikariPool        : HikariPool-1 - Added connection com.mysql.cj.jdbc.ConnectionImpl@1c297897
2025-10-21T09:21:11.102+01:00  INFO 3868 --- [legendary] [main] com.zaxxer.hikari.HikariDataSource       : HikariPool-1 - Start completed.
2025-10-21T09:21:11.175+01:00  INFO 3868 --- [legendary] [main] o.hibernate.jpa.internal.util.LogHelper  : HHH000204: Processing PersistenceUnitInfo [name: default]
2025-10-21T09:21:11.245+01:00  INFO 3868 --- [legendary] [main] org.hibernate.Version                    : HHH000412: Hibernate ORM core version 6.6.29.Final
2025-10-21T09:21:11.291+01:00  INFO 3868 --- [legendary] [main] o.h.c.internal.RegionFactoryInitiator    : HHH000026: Second-level cache disabled
2025-10-21T09:21:11.706+01:00  INFO 3868 --- [legendary] [main] o.s.o.j.p.SpringPersistenceUnitInfo      : No LoadTimeWeaver setup: ignoring JPA class transformer
2025-10-21T09:21:11.827+01:00  INFO 3868 --- [legendary] [main] org.hibernate.orm.connections.pooling    : HHH10001005: Database info:
	Database JDBC URL [Connecting through datasource 'HikariDataSource (HikariPool-1)']
	Database driver: undefined/unknown
	Database version: 9.0.1
	Autocommit mode: undefined/unknown
	Isolation level: undefined/unknown
	Minimum pool size: undefined/unknown
	Maximum pool size: undefined/unknown
2025-10-21T09:21:12.586+01:00  INFO 3868 --- [legendary] [main] o.h.m.i.EntityInstantiatorPojoStandard   : HHH000182: No default (no-argument) constructor for class: com.legendaryUser.legendary.model.VerificationToken (class must be instantiated by Interceptor)
2025-10-21T09:21:12.619+01:00  INFO 3868 --- [legendary] [main] o.h.m.i.EntityInstantiatorPojoStandard   : HHH000182: No default (no-argument) constructor for class: com.legendaryUser.legendary.model.OtpToken (class must be instantiated by Interceptor)
2025-10-21T09:21:12.629+01:00  INFO 3868 --- [legendary] [main] o.h.m.i.EntityInstantiatorPojoStandard   : HHH000182: No default (no-argument) constructor for class: com.legendaryUser.legendary.model.User (class must be instantiated by Interceptor)
2025-10-21T09:21:12.823+01:00  INFO 3868 --- [legendary] [main] o.h.e.t.j.p.i.JtaPlatformInitiator       : HHH000489: No JTA platform available (set 'hibernate.transaction.jta.platform' to enable JTA platform integration)
2025-10-21T09:21:12.830+01:00  INFO 3868 --- [legendary] [main] j.LocalContainerEntityManagerFactoryBean : Initialized JPA EntityManagerFactory for persistence unit 'default'
2025-10-21T09:21:12.891+01:00  WARN 3868 --- [legendary] [main] JpaBaseConfiguration$JpaWebConfiguration : spring.jpa.open-in-view is enabled by default. Therefore, database queries may be performed during view rendering. Explicitly configure spring.jpa.open-in-view to disable this warning
2025-10-21T09:21:13.596+01:00  INFO 3868 --- [legendary] [main] o.s.d.j.r.query.QueryEnhancerFactory     : Hibernate is in classpath; If applicable, HQL parser will be used.
2025-10-21T09:21:14.892+01:00  WARN 3868 --- [legendary] [main] .s.s.UserDetailsServiceAutoConfiguration : 

Using generated security password: 378dd47e-206e-464e-bc78-f6785738e3b3

This generated password is for development use only. Your security configuration must be updated before running your application in production.

2025-10-21T09:21:14.908+01:00  INFO 3868 --- [legendary] [main] r$InitializeUserDetailsManagerConfigurer : Global AuthenticationManager configured with UserDetailsService bean with name inMemoryUserDetailsManager
2025-10-21T09:21:15.115+01:00 DEBUG 3868 --- [legendary] [main] o.s.s.web.DefaultSecurityFilterChain     : Will secure any request with filters: DisableEncodeUrlFilter, WebAsyncManagerIntegrationFilter, SecurityContextHolderFilter, HeaderWriterFilter, CsrfFilter, LogoutFilter, UsernamePasswordAuthenticationFilter, DefaultResourcesFilter, DefaultLoginPageGeneratingFilter, DefaultLogoutPageGeneratingFilter, BasicAuthenticationFilter, RequestCacheAwareFilter, SecurityContextHolderAwareRequestFilter, AnonymousAuthenticationFilter, ExceptionTranslationFilter, AuthorizationFilter
2025-10-21T09:21:15.260+01:00  INFO 3868 --- [legendary] [main] o.s.b.w.embedded.tomcat.TomcatWebServer  : Tomcat started on port 8080 (http) with context path '/api'
2025-10-21T09:21:15.271+01:00  INFO 3868 --- [legendary] [main] c.l.legendary.LegendaryApplication       : Started LegendaryApplication in 7.409 seconds (process running for 7.88)
2025-10-21T09:23:41.325+01:00  INFO 3868 --- [legendary] [SpringApplicationShutdownHook] o.s.b.w.e.tomcat.GracefulShutdown        : Commencing graceful shutdown. Waiting for active requests to complete
2025-10-21T09:23:41.475+01:00  INFO 3868 --- [legendary] [tomcat-shutdown] o.s.b.w.e.tomcat.GracefulShutdown        : Graceful shutdown complete
2025-10-21T09:23:41.479+01:00  INFO 3868 --- [legendary] [SpringApplicationShutdownHook] j.LocalContainerEntityManagerFactoryBean : Closing JPA EntityManagerFactory for persistence unit 'default'
2025-10-21T09:23:41.481+01:00  INFO 3868 --- [legendary] [SpringApplicationShutdownHook] com.zaxxer.hikari.HikariDataSource       : HikariPool-1 - Shutdown initiated...
2025-10-21T09:23:41.489+01:00  INFO 3868 --- [legendary] [SpringApplicationShutdownHook] com.zaxxer.hikari.HikariDataSource       : HikariPool-1 - Shutdown completed.
2025-10-21T09:23:43.807+01:00  INFO 15000 --- [legendary] [main] c.l.legendary.LegendaryApplication       : Starting LegendaryApplication using Java 17.0.12 with PID 15000 (C:\ALL_CODES\legendaryUserSpring\target\classes started by Owner in C:\ALL_CODES\legendaryUserSpring)
2025-10-21T09:23:43.811+01:00  INFO 15000 --- [legendary] [main] c.l.legendary.LegendaryApplication       : No active profile set, falling back to 1 default profile: "default"
2025-10-21T09:23:44.835+01:00  INFO 15000 --- [legendary] [main] .s.d.r.c.RepositoryConfigurationDelegate : Bootstrapping Spring Data JPA repositories in DEFAULT mode.
2025-10-21T09:23:44.915+01:00  INFO 15000 --- [legendary] [main] .s.d.r.c.RepositoryConfigurationDelegate : Finished Spring Data repository scanning in 68 ms. Found 3 JPA repository interfaces.
2025-10-21T09:23:45.635+01:00  INFO 15000 --- [legendary] [main] o.s.b.w.embedded.tomcat.TomcatWebServer  : Tomcat initialized with port 8080 (http)
2025-10-21T09:23:45.646+01:00  INFO 15000 --- [legendary] [main] o.apache.catalina.core.StandardService   : Starting service [Tomcat]
2025-10-21T09:23:45.647+01:00  INFO 15000 --- [legendary] [main] o.apache.catalina.core.StandardEngine    : Starting Servlet engine: [Apache Tomcat/10.1.46]
2025-10-21T09:23:45.727+01:00  INFO 15000 --- [legendary] [main] o.a.c.c.C.[Tomcat].[localhost].[/api]    : Initializing Spring embedded WebApplicationContext
2025-10-21T09:23:45.727+01:00  INFO 15000 --- [legendary] [main] w.s.c.ServletWebServerApplicationContext : Root WebApplicationContext: initialization completed in 1840 ms
2025-10-21T09:23:45.935+01:00  INFO 15000 --- [legendary] [main] com.zaxxer.hikari.HikariDataSource       : HikariPool-1 - Starting...
2025-10-21T09:23:46.129+01:00  INFO 15000 --- [legendary] [main] com.zaxxer.hikari.pool.HikariPool        : HikariPool-1 - Added connection com.mysql.cj.jdbc.ConnectionImpl@33e0c716
2025-10-21T09:23:46.130+01:00  INFO 15000 --- [legendary] [main] com.zaxxer.hikari.HikariDataSource       : HikariPool-1 - Start completed.
2025-10-21T09:23:46.213+01:00  INFO 15000 --- [legendary] [main] o.hibernate.jpa.internal.util.LogHelper  : HHH000204: Processing PersistenceUnitInfo [name: default]
2025-10-21T09:23:46.273+01:00  INFO 15000 --- [legendary] [main] org.hibernate.Version                    : HHH000412: Hibernate ORM core version 6.6.29.Final
2025-10-21T09:23:46.319+01:00  INFO 15000 --- [legendary] [main] o.h.c.internal.RegionFactoryInitiator    : HHH000026: Second-level cache disabled
2025-10-21T09:23:46.670+01:00  INFO 15000 --- [legendary] [main] o.s.o.j.p.SpringPersistenceUnitInfo      : No LoadTimeWeaver setup: ignoring JPA class transformer
2025-10-21T09:23:46.794+01:00  INFO 15000 --- [legendary] [main] org.hibernate.orm.connections.pooling    : HHH10001005: Database info:
	Database JDBC URL [Connecting through datasource 'HikariDataSource (HikariPool-1)']
	Database driver: undefined/unknown
	Database version: 9.0.1
	Autocommit mode: undefined/unknown
	Isolation level: undefined/unknown
	Minimum pool size: undefined/unknown
	Maximum pool size: undefined/unknown
2025-10-21T09:23:47.498+01:00  INFO 15000 --- [legendary] [main] o.h.m.i.EntityInstantiatorPojoStandard   : HHH000182: No default (no-argument) constructor for class: com.legendaryUser.legendary.model.VerificationToken (class must be instantiated by Interceptor)
2025-10-21T09:23:47.527+01:00  INFO 15000 --- [legendary] [main] o.h.m.i.EntityInstantiatorPojoStandard   : HHH000182: No default (no-argument) constructor for class: com.legendaryUser.legendary.model.OtpToken (class must be instantiated by Interceptor)
2025-10-21T09:23:47.539+01:00  INFO 15000 --- [legendary] [main] o.h.m.i.EntityInstantiatorPojoStandard   : HHH000182: No default (no-argument) constructor for class: com.legendaryUser.legendary.model.User (class must be instantiated by Interceptor)
2025-10-21T09:23:47.706+01:00  INFO 15000 --- [legendary] [main] o.h.e.t.j.p.i.JtaPlatformInitiator       : HHH000489: No JTA platform available (set 'hibernate.transaction.jta.platform' to enable JTA platform integration)
2025-10-21T09:23:47.711+01:00  INFO 15000 --- [legendary] [main] j.LocalContainerEntityManagerFactoryBean : Initialized JPA EntityManagerFactory for persistence unit 'default'
2025-10-21T09:23:47.800+01:00  WARN 15000 --- [legendary] [main] JpaBaseConfiguration$JpaWebConfiguration : spring.jpa.open-in-view is enabled by default. Therefore, database queries may be performed during view rendering. Explicitly configure spring.jpa.open-in-view to disable this warning
2025-10-21T09:23:48.430+01:00  INFO 15000 --- [legendary] [main] o.s.d.j.r.query.QueryEnhancerFactory     : Hibernate is in classpath; If applicable, HQL parser will be used.
2025-10-21T09:23:49.508+01:00  WARN 15000 --- [legendary] [main] .s.s.UserDetailsServiceAutoConfiguration : 

Using generated security password: c4f52e62-278d-44e5-bb45-4ad8d109d37e

This generated password is for development use only. Your security configuration must be updated before running your application in production.

2025-10-21T09:23:49.519+01:00  INFO 15000 --- [legendary] [main] r$InitializeUserDetailsManagerConfigurer : Global AuthenticationManager configured with UserDetailsService bean with name inMemoryUserDetailsManager
2025-10-21T09:23:49.641+01:00 DEBUG 15000 --- [legendary] [main] o.s.s.web.DefaultSecurityFilterChain     : Will secure any request with filters: DisableEncodeUrlFilter, WebAsyncManagerIntegrationFilter, SecurityContextHolderFilter, HeaderWriterFilter, CsrfFilter, LogoutFilter, UsernamePasswordAuthenticationFilter, DefaultResourcesFilter, DefaultLoginPageGeneratingFilter, DefaultLogoutPageGeneratingFilter, BasicAuthenticationFilter, RequestCacheAwareFilter, SecurityContextHolderAwareRequestFilter, AnonymousAuthenticationFilter, ExceptionTranslationFilter, AuthorizationFilter
2025-10-21T09:23:49.730+01:00  INFO 15000 --- [legendary] [main] o.s.b.w.embedded.tomcat.TomcatWebServer  : Tomcat started on port 8080 (http) with context path '/api'
2025-10-21T09:23:49.746+01:00  INFO 15000 --- [legendary] [main] c.l.legendary.LegendaryApplication       : Started LegendaryApplication in 6.725 seconds (process running for 7.204)
2025-10-21T09:55:10.780+01:00  INFO 15000 --- [legendary] [SpringApplicationShutdownHook] o.s.b.w.e.tomcat.GracefulShutdown        : Commencing graceful shutdown. Waiting for active requests to complete
2025-10-21T09:55:10.936+01:00  INFO 15000 --- [legendary] [tomcat-shutdown] o.s.b.w.e.tomcat.GracefulShutdown        : Graceful shutdown complete
2025-10-21T09:55:10.936+01:00  INFO 15000 --- [legendary] [SpringApplicationShutdownHook] j.LocalContainerEntityManagerFactoryBean : Closing JPA EntityManagerFactory for persistence unit 'default'
2025-10-21T09:55:10.936+01:00  INFO 15000 --- [legendary] [SpringApplicationShutdownHook] com.zaxxer.hikari.HikariDataSource       : HikariPool-1 - Shutdown initiated...
2025-10-21T09:55:10.952+01:00  INFO 15000 --- [legendary] [SpringApplicationShutdownHook] com.zaxxer.hikari.HikariDataSource       : HikariPool-1 - Shutdown completed.
2025-10-21T11:19:04.520+01:00  INFO 13156 --- [legendary] [main] c.l.legendary.LegendaryApplication       : Starting LegendaryApplication using Java 17.0.12 with PID 13156 (C:\ALL_CODES\legendaryUserSpring\target\classes started by Owner in C:\ALL_CODES\legendaryUserSpring)
2025-10-21T11:19:04.528+01:00  INFO 13156 --- [legendary] [main] c.l.legendary.LegendaryApplication       : No active profile set, falling back to 1 default profile: "default"
2025-10-21T11:19:05.705+01:00  INFO 13156 --- [legendary] [main] .s.d.r.c.RepositoryConfigurationDelegate : Bootstrapping Spring Data JPA repositories in DEFAULT mode.
2025-10-21T11:19:05.793+01:00  INFO 13156 --- [legendary] [main] .s.d.r.c.RepositoryConfigurationDelegate : Finished Spring Data repository scanning in 74 ms. Found 3 JPA repository interfaces.
2025-10-21T11:19:06.686+01:00  INFO 13156 --- [legendary] [main] o.s.b.w.embedded.tomcat.TomcatWebServer  : Tomcat initialized with port 8080 (http)
2025-10-21T11:19:06.704+01:00  INFO 13156 --- [legendary] [main] o.apache.catalina.core.StandardService   : Starting service [Tomcat]
2025-10-21T11:19:06.705+01:00  INFO 13156 --- [legendary] [main] o.apache.catalina.core.StandardEngine    : Starting Servlet engine: [Apache Tomcat/10.1.46]
2025-10-21T11:19:06.779+01:00  INFO 13156 --- [legendary] [main] o.a.c.c.C.[Tomcat].[localhost].[/api]    : Initializing Spring embedded WebApplicationContext
2025-10-21T11:19:06.780+01:00  INFO 13156 --- [legendary] [main] w.s.c.ServletWebServerApplicationContext : Root WebApplicationContext: initialization completed in 2176 ms
2025-10-21T11:19:07.011+01:00  INFO 13156 --- [legendary] [main] com.zaxxer.hikari.HikariDataSource       : HikariPool-1 - Starting...
2025-10-21T11:19:07.309+01:00  INFO 13156 --- [legendary] [main] com.zaxxer.hikari.pool.HikariPool        : HikariPool-1 - Added connection com.mysql.cj.jdbc.ConnectionImpl@6c3f1658
2025-10-21T11:19:07.312+01:00  INFO 13156 --- [legendary] [main] com.zaxxer.hikari.HikariDataSource       : HikariPool-1 - Start completed.
2025-10-21T11:19:07.412+01:00  INFO 13156 --- [legendary] [main] o.hibernate.jpa.internal.util.LogHelper  : HHH000204: Processing PersistenceUnitInfo [name: default]
2025-10-21T11:19:07.533+01:00  INFO 13156 --- [legendary] [main] org.hibernate.Version                    : HHH000412: Hibernate ORM core version 6.6.29.Final
2025-10-21T11:19:07.598+01:00  INFO 13156 --- [legendary] [main] o.h.c.internal.RegionFactoryInitiator    : HHH000026: Second-level cache disabled
2025-10-21T11:19:08.013+01:00  INFO 13156 --- [legendary] [main] o.s.o.j.p.SpringPersistenceUnitInfo      : No LoadTimeWeaver setup: ignoring JPA class transformer
2025-10-21T11:19:08.167+01:00  INFO 13156 --- [legendary] [main] org.hibernate.orm.connections.pooling    : HHH10001005: Database info:
	Database JDBC URL [Connecting through datasource 'HikariDataSource (HikariPool-1)']
	Database driver: undefined/unknown
	Database version: 9.0.1
	Autocommit mode: undefined/unknown
	Isolation level: undefined/unknown
	Minimum pool size: undefined/unknown
	Maximum pool size: undefined/unknown
2025-10-21T11:19:09.081+01:00  INFO 13156 --- [legendary] [main] o.h.m.i.EntityInstantiatorPojoStandard   : HHH000182: No default (no-argument) constructor for class: com.legendaryUser.legendary.model.VerificationToken (class must be instantiated by Interceptor)
2025-10-21T11:19:09.119+01:00  INFO 13156 --- [legendary] [main] o.h.m.i.EntityInstantiatorPojoStandard   : HHH000182: No default (no-argument) constructor for class: com.legendaryUser.legendary.model.OtpToken (class must be instantiated by Interceptor)
2025-10-21T11:19:09.140+01:00  INFO 13156 --- [legendary] [main] o.h.m.i.EntityInstantiatorPojoStandard   : HHH000182: No default (no-argument) constructor for class: com.legendaryUser.legendary.model.User (class must be instantiated by Interceptor)
2025-10-21T11:19:09.340+01:00  INFO 13156 --- [legendary] [main] o.h.e.t.j.p.i.JtaPlatformInitiator       : HHH000489: No JTA platform available (set 'hibernate.transaction.jta.platform' to enable JTA platform integration)
2025-10-21T11:19:09.346+01:00  INFO 13156 --- [legendary] [main] j.LocalContainerEntityManagerFactoryBean : Initialized JPA EntityManagerFactory for persistence unit 'default'
2025-10-21T11:19:09.795+01:00  INFO 13156 --- [legendary] [main] o.s.d.j.r.query.QueryEnhancerFactory     : Hibernate is in classpath; If applicable, HQL parser will be used.
2025-10-21T11:19:10.784+01:00  WARN 13156 --- [legendary] [main] ConfigServletWebServerApplicationContext : Exception encountered during context initialization - cancelling refresh attempt: org.springframework.beans.factory.UnsatisfiedDependencyException: Error creating bean with name 'emailService': Unsatisfied dependency expressed through field 'mailSender': No qualifying bean of type 'org.springframework.mail.javamail.JavaMailSender' available: expected at least 1 bean which qualifies as autowire candidate. Dependency annotations: {@org.springframework.beans.factory.annotation.Autowired(required=true)}
2025-10-21T11:19:10.785+01:00  INFO 13156 --- [legendary] [main] j.LocalContainerEntityManagerFactoryBean : Closing JPA EntityManagerFactory for persistence unit 'default'
2025-10-21T11:19:10.790+01:00  INFO 13156 --- [legendary] [main] com.zaxxer.hikari.HikariDataSource       : HikariPool-1 - Shutdown initiated...
2025-10-21T11:19:10.799+01:00  INFO 13156 --- [legendary] [main] com.zaxxer.hikari.HikariDataSource       : HikariPool-1 - Shutdown completed.
2025-10-21T11:19:10.802+01:00  INFO 13156 --- [legendary] [main] o.apache.catalina.core.StandardService   : Stopping service [Tomcat]
2025-10-21T11:19:10.820+01:00  INFO 13156 --- [legendary] [main] .s.b.a.l.ConditionEvaluationReportLogger : 

Error starting ApplicationContext. To display the condition evaluation report re-run your application with 'debug' enabled.
2025-10-21T11:19:10.860+01:00 ERROR 13156 --- [legendary] [main] o.s.b.d.LoggingFailureAnalysisReporter   : 

***************************
APPLICATION FAILED TO START
***************************

Description:

Field mailSender in com.legendaryUser.legendary.service.EmailService required a bean of type 'org.springframework.mail.javamail.JavaMailSender' that could not be found.

The injection point has the following annotations:
	- @org.springframework.beans.factory.annotation.Autowired(required=true)


Action:

Consider defining a bean of type 'org.springframework.mail.javamail.JavaMailSender' in your configuration.

